{"name": " -- @1.1 ", "status": "broken", "statusDetails": {"message": "selenium.common.exceptions.NoSuchElementException: Message: no such element: Unable to locate element: {\"method\":\"xpath\",\"selector\":\"loginBtn_XPATH\"}\n  (Session info: chrome=107.0.5304.88)\nStacktrace:\nBacktrace:\n\tOrdinal0 [0x00E31ED3+2236115]\n\tOrdinal0 [0x00DC92F1+1807089]\n\tOrdinal0 [0x00CD66FD+812797]\n\tOrdinal0 [0x00D055DF+1005023]\n\tOrdinal0 [0x00D057CB+1005515]\n\tOrdinal0 [0x00D37632+1209906]\n\tOrdinal0 [0x00D21AD4+1120980]\n\tOrdinal0 [0x00D359E2+1202658]\n\tOrdinal0 [0x00D218A6+1120422]\n\tOrdinal0 [0x00CFA73D+960317]\n\tOrdinal0 [0x00CFB71F+964383]\n\tGetHandleVerifier [0x010DE7E2+2743074]\n\tGetHandleVerifier [0x010D08D4+2685972]\n\tGetHandleVerifier [0x00EC2BAA+532202]\n\tGetHandleVerifier [0x00EC1990+527568]\n\tOrdinal0 [0x00DD080C+1837068]\n\tOrdinal0 [0x00DD4CD8+1854680]\n\tOrdinal0 [0x00DD4DC5+1854917]\n\tOrdinal0 [0x00DDED64+1895780]\n\tBaseThreadInitThunk [0x77176739+25]\n\tRtlGetFullPathName_UEx [0x77AA8FD2+1218]\n\tRtlGetFullPathName_UEx [0x77AA8F9D+1165]\n\n", "trace": "  File \"C:\\Users\\Asus\\AppData\\Local\\Programs\\Python\\Python39\\lib\\site-packages\\behave\\model.py\", line 1329, in run\n    match.run(runner.context)\n  File \"C:\\Users\\Asus\\AppData\\Local\\Programs\\Python\\Python39\\lib\\site-packages\\behave\\matchers.py\", line 98, in run\n    self.func(context, *args, **kwargs)\n  File \"Features\\steps\\SignUp_Steps.py\", line 28, in OpenPopupLogin\n    Set.GotToLoginPage()\n  File \"C:\\Users\\Asus\\PycharmProjects\\CitoyensTunisiens\\Features\\Steps\\SetProperties\\SetProperty_Login.py\", line 13, in GotToLoginPage\n    self.driver.find_element(By.XPATH, \"loginBtn_XPATH\").click()\n  File \"C:\\Users\\Asus\\AppData\\Local\\Programs\\Python\\Python39\\lib\\site-packages\\selenium\\webdriver\\remote\\webdriver.py\", line 857, in find_element\n    return self.execute(Command.FIND_ELEMENT, {\n  File \"C:\\Users\\Asus\\AppData\\Local\\Programs\\Python\\Python39\\lib\\site-packages\\selenium\\webdriver\\remote\\webdriver.py\", line 435, in execute\n    self.error_handler.check_response(response)\n  File \"C:\\Users\\Asus\\AppData\\Local\\Programs\\Python\\Python39\\lib\\site-packages\\selenium\\webdriver\\remote\\errorhandler.py\", line 247, in check_response\n    raise exception_class(message, screen, stacktrace)\n"}, "steps": [{"name": "Given Launch chrome browser", "status": "passed", "start": 1667585477349, "stop": 1667585478401}, {"name": "When le site est lancé", "status": "passed", "start": 1667585478401, "stop": 1667585507470}, {"name": "Then Ouvrir le popup de connexion", "status": "broken", "statusDetails": {"message": "selenium.common.exceptions.NoSuchElementException: Message: no such element: Unable to locate element: {\"method\":\"xpath\",\"selector\":\"loginBtn_XPATH\"}\n  (Session info: chrome=107.0.5304.88)\nStacktrace:\nBacktrace:\n\tOrdinal0 [0x00E31ED3+2236115]\n\tOrdinal0 [0x00DC92F1+1807089]\n\tOrdinal0 [0x00CD66FD+812797]\n\tOrdinal0 [0x00D055DF+1005023]\n\tOrdinal0 [0x00D057CB+1005515]\n\tOrdinal0 [0x00D37632+1209906]\n\tOrdinal0 [0x00D21AD4+1120980]\n\tOrdinal0 [0x00D359E2+1202658]\n\tOrdinal0 [0x00D218A6+1120422]\n\tOrdinal0 [0x00CFA73D+960317]\n\tOrdinal0 [0x00CFB71F+964383]\n\tGetHandleVerifier [0x010DE7E2+2743074]\n\tGetHandleVerifier [0x010D08D4+2685972]\n\tGetHandleVerifier [0x00EC2BAA+532202]\n\tGetHandleVerifier [0x00EC1990+527568]\n\tOrdinal0 [0x00DD080C+1837068]\n\tOrdinal0 [0x00DD4CD8+1854680]\n\tOrdinal0 [0x00DD4DC5+1854917]\n\tOrdinal0 [0x00DDED64+1895780]\n\tBaseThreadInitThunk [0x77176739+25]\n\tRtlGetFullPathName_UEx [0x77AA8FD2+1218]\n\tRtlGetFullPathName_UEx [0x77AA8F9D+1165]\n\n", "trace": "  File \"C:\\Users\\Asus\\AppData\\Local\\Programs\\Python\\Python39\\lib\\site-packages\\behave\\model.py\", line 1329, in run\n    match.run(runner.context)\n  File \"C:\\Users\\Asus\\AppData\\Local\\Programs\\Python\\Python39\\lib\\site-packages\\behave\\matchers.py\", line 98, in run\n    self.func(context, *args, **kwargs)\n  File \"Features\\steps\\SignUp_Steps.py\", line 28, in OpenPopupLogin\n    Set.GotToLoginPage()\n  File \"C:\\Users\\Asus\\PycharmProjects\\CitoyensTunisiens\\Features\\Steps\\SetProperties\\SetProperty_Login.py\", line 13, in GotToLoginPage\n    self.driver.find_element(By.XPATH, \"loginBtn_XPATH\").click()\n  File \"C:\\Users\\Asus\\AppData\\Local\\Programs\\Python\\Python39\\lib\\site-packages\\selenium\\webdriver\\remote\\webdriver.py\", line 857, in find_element\n    return self.execute(Command.FIND_ELEMENT, {\n  File \"C:\\Users\\Asus\\AppData\\Local\\Programs\\Python\\Python39\\lib\\site-packages\\selenium\\webdriver\\remote\\webdriver.py\", line 435, in execute\n    self.error_handler.check_response(response)\n  File \"C:\\Users\\Asus\\AppData\\Local\\Programs\\Python\\Python39\\lib\\site-packages\\selenium\\webdriver\\remote\\errorhandler.py\", line 247, in check_response\n    raise exception_class(message, screen, stacktrace)\n"}, "start": 1667585507470, "stop": 1667585507484}, {"name": "And Remplir les champs avec un email \"mohamedbenfredj91@gmail.com\" et un mot de passe \"Chuila_0010.\"", "status": "skipped", "start": 1667585507485, "stop": 1667585507485}, {"name": "Then Clicker sur le boutton Se connecter", "status": "skipped", "start": 1667585507485, "stop": 1667585507485}, {"name": "Then User est connecté avec succès", "status": "skipped", "start": 1667585507485, "stop": 1667585507485}, {"name": "And Fermer le browser", "status": "skipped", "start": 1667585507485, "stop": 1667585507485}], "parameters": [{"name": "Email", "value": "mohamedbenfredj91@gmail.com"}, {"name": "Password", "value": "Chuila_0010."}], "start": 1667585477348, "stop": 1667585507485, "uuid": "db0151cc-4f63-4730-80e8-5b15d556c6aa", "historyId": "030bd0462e37d9b45dce58ff4b172e2c", "fullName": "AA User i want to sign up: ", "labels": [{"name": "severity", "value": "normal"}, {"name": "feature", "value": "AA User i want to sign up"}, {"name": "framework", "value": "behave"}, {"name": "language", "value": "cpython3"}]}